This is pdfTeX, Version 3.141592653-2.6-1.40.26 (TeX Live 2024) (preloaded format=pdflatex 2024.12.10)  8 JAN 2025 13:11
entering extended mode
 restricted \write18 enabled.
 file:line:error style messages enabled.
 %&-line parsing enabled.
**"/Users/jcapo/cernbox/DUNE-IFIC/Publications/Temperature Sensors Calibration/rtdcalibration/main"
(/Users/jcapo/cernbox/DUNE-IFIC/Publications/Temperature Sensors Calibration/rtdcalibration/main.tex
LaTeX2e <2023-11-01> patch level 1
L3 programming layer <2024-02-20>
(/usr/local/texlive/2024/texmf-dist/tex/latex/elsarticle/elsarticle.cls
Document Class: elsarticle 2020/11/20, 3.3: Elsevier Ltd
(/usr/local/texlive/2024/texmf-dist/tex/latex/l3kernel/expl3.sty
Package: expl3 2024-02-20 L3 programming layer (loader) 
 (/usr/local/texlive/2024/texmf-dist/tex/latex/l3backend/l3backend-pdftex.def
File: l3backend-pdftex.def 2024-02-20 L3 backend support: PDF output (pdfTeX)
\l__color_backend_stack_int=\count188
\l__pdf_internal_box=\box51
)) (/usr/local/texlive/2024/texmf-dist/tex/latex/l3packages/xparse/xparse.sty
Package: xparse 2024-02-18 L3 Experimental document command parser
) (/usr/local/texlive/2024/texmf-dist/tex/latex/etoolbox/etoolbox.sty
Package: etoolbox 2020/10/05 v2.5k e-TeX tools for LaTeX (JAW)
\etb@tempcnta=\count189
)
\@bls=\dimen140
 (/usr/local/texlive/2024/texmf-dist/tex/latex/base/article.cls
Document Class: article 2023/05/17 v1.4n Standard LaTeX document class
(/usr/local/texlive/2024/texmf-dist/tex/latex/base/size10.clo
File: size10.clo 2023/05/17 v1.4n Standard LaTeX file (size option)
)
\c@part=\count190
\c@section=\count191
\c@subsection=\count192
\c@subsubsection=\count193
\c@paragraph=\count194
\c@subparagraph=\count195
\c@figure=\count196
\c@table=\count197
\abovecaptionskip=\skip48
\belowcaptionskip=\skip49
\bibindent=\dimen141
) (/usr/local/texlive/2024/texmf-dist/tex/latex/graphics/graphicx.sty
Package: graphicx 2021/09/16 v1.2d Enhanced LaTeX Graphics (DPC,SPQR)
 (/usr/local/texlive/2024/texmf-dist/tex/latex/graphics/keyval.sty
Package: keyval 2022/05/29 v1.15 key=value parser (DPC)
\KV@toks@=\toks17
) (/usr/local/texlive/2024/texmf-dist/tex/latex/graphics/graphics.sty
Package: graphics 2022/03/10 v1.4e Standard LaTeX Graphics (DPC,SPQR)
 (/usr/local/texlive/2024/texmf-dist/tex/latex/graphics/trig.sty
Package: trig 2021/08/11 v1.11 sin cos tan (DPC)
) (/usr/local/texlive/2024/texmf-dist/tex/latex/graphics-cfg/graphics.cfg
File: graphics.cfg 2016/06/04 v1.11 sample graphics configuration
)
Package graphics Info: Driver file: pdftex.def on input line 107.
 (/usr/local/texlive/2024/texmf-dist/tex/latex/graphics-def/pdftex.def
File: pdftex.def 2022/09/22 v1.2b Graphics/color driver for pdftex
))
\Gin@req@height=\dimen142
\Gin@req@width=\dimen143
)
\c@tnote=\count198
\c@fnote=\count199
\c@cnote=\count266
\c@ead=\count267
\c@author=\count268
\@eadauthor=\toks18
\c@affn=\count269
\absbox=\box52
\elsarticlehighlightsbox=\box53
\elsarticlegrabsbox=\box54
\keybox=\box55
\Columnwidth=\dimen144
\space@left=\dimen145
\els@boxa=\box56
\els@boxb=\box57
\leftMargin=\dimen146
\@enLab=\toks19
\@sep=\skip50
\@@sep=\skip51
 (./main.spl) (/usr/local/texlive/2024/texmf-dist/tex/latex/natbib/natbib.sty
Package: natbib 2010/09/13 8.31b (PWD, AO)
\bibhang=\skip52
\bibsep=\skip53
LaTeX Info: Redefining \cite on input line 694.
\c@NAT@ctr=\count270
)
\splwrite=\write3
\openout3 = `main.spl'.

 (/usr/local/texlive/2024/texmf-dist/tex/latex/geometry/geometry.sty
Package: geometry 2020/01/02 v5.9 Page Geometry
 (/usr/local/texlive/2024/texmf-dist/tex/generic/iftex/ifvtex.sty
Package: ifvtex 2019/10/25 v1.7 ifvtex legacy package. Use iftex instead.
 (/usr/local/texlive/2024/texmf-dist/tex/generic/iftex/iftex.sty
Package: iftex 2022/02/03 v1.0f TeX engine tests
))
\Gm@cnth=\count271
\Gm@cntv=\count272
\c@Gm@tempcnt=\count273
\Gm@bindingoffset=\dimen147
\Gm@wd@mp=\dimen148
\Gm@odd@mp=\dimen149
\Gm@even@mp=\dimen150
\Gm@layoutwidth=\dimen151
\Gm@layoutheight=\dimen152
\Gm@layouthoffset=\dimen153
\Gm@layoutvoffset=\dimen154
\Gm@dimlist=\toks20
)
\appnamewidth=\dimen155
) (/usr/local/texlive/2024/texmf-dist/tex/latex/xcolor/xcolor.sty
Package: xcolor 2023/11/15 v3.01 LaTeX color extensions (UK)
 (/usr/local/texlive/2024/texmf-dist/tex/latex/graphics-cfg/color.cfg
File: color.cfg 2016/01/02 v1.6 sample color configuration
)
Package xcolor Info: Driver file: pdftex.def on input line 274.
 (/usr/local/texlive/2024/texmf-dist/tex/latex/graphics/mathcolor.ltx)
Package xcolor Info: Model `cmy' substituted by `cmy0' on input line 1350.
Package xcolor Info: Model `hsb' substituted by `rgb' on input line 1354.
Package xcolor Info: Model `RGB' extended on input line 1366.
Package xcolor Info: Model `HTML' substituted by `rgb' on input line 1368.
Package xcolor Info: Model `Hsb' substituted by `hsb' on input line 1369.
Package xcolor Info: Model `tHsb' substituted by `hsb' on input line 1370.
Package xcolor Info: Model `HSB' substituted by `hsb' on input line 1371.
Package xcolor Info: Model `Gray' substituted by `gray' on input line 1372.
Package xcolor Info: Model `wave' substituted by `hsb' on input line 1373.
) (/usr/local/texlive/2024/texmf-dist/tex/latex/colortbl/colortbl.sty
Package: colortbl 2024/02/20 v1.0g Color table columns (DPC)
 (/usr/local/texlive/2024/texmf-dist/tex/latex/tools/array.sty
Package: array 2023/10/16 v2.5g Tabular extension package (FMi)
\col@sep=\dimen156
\ar@mcellbox=\box58
\extrarowheight=\dimen157
\NC@list=\toks21
\extratabsurround=\skip54
\backup@length=\skip55
\ar@cellbox=\box59
)
\everycr=\toks22
\minrowclearance=\skip56
\rownum=\count274
) (/usr/local/texlive/2024/texmf-dist/tex/latex/float/float.sty
Package: float 2001/11/08 v1.3d Float enhancements (AL)
\c@float@type=\count275
\float@exts=\toks23
\float@box=\box60
\@float@everytoks=\toks24
\@floatcapt=\box61
) (/usr/local/texlive/2024/texmf-dist/tex/latex/mathtools/mathtools.sty
Package: mathtools 2024/03/11 v1.30 mathematical typesetting tools
 (/usr/local/texlive/2024/texmf-dist/tex/latex/tools/calc.sty
Package: calc 2023/07/08 v4.3 Infix arithmetic (KKT,FJ)
\calc@Acount=\count276
\calc@Bcount=\count277
\calc@Adimen=\dimen158
\calc@Bdimen=\dimen159
\calc@Askip=\skip57
\calc@Bskip=\skip58
LaTeX Info: Redefining \setlength on input line 80.
LaTeX Info: Redefining \addtolength on input line 81.
\calc@Ccount=\count278
\calc@Cskip=\skip59
) (/usr/local/texlive/2024/texmf-dist/tex/latex/mathtools/mhsetup.sty
Package: mhsetup 2021/03/18 v1.4 programming setup (MH)
) (/usr/local/texlive/2024/texmf-dist/tex/latex/amsmath/amsmath.sty
Package: amsmath 2023/05/13 v2.17o AMS math features
\@mathmargin=\skip60

For additional information on amsmath, use the `?' option.
(/usr/local/texlive/2024/texmf-dist/tex/latex/amsmath/amstext.sty
Package: amstext 2021/08/26 v2.01 AMS text
 (/usr/local/texlive/2024/texmf-dist/tex/latex/amsmath/amsgen.sty
File: amsgen.sty 1999/11/30 v2.0 generic functions
\@emptytoks=\toks25
\ex@=\dimen160
)) (/usr/local/texlive/2024/texmf-dist/tex/latex/amsmath/amsbsy.sty
Package: amsbsy 1999/11/29 v1.2d Bold Symbols
\pmbraise@=\dimen161
) (/usr/local/texlive/2024/texmf-dist/tex/latex/amsmath/amsopn.sty
Package: amsopn 2022/04/08 v2.04 operator names
)
\inf@bad=\count279
LaTeX Info: Redefining \frac on input line 234.
\uproot@=\count280
\leftroot@=\count281
LaTeX Info: Redefining \overline on input line 399.
LaTeX Info: Redefining \colon on input line 410.
\classnum@=\count282
\DOTSCASE@=\count283
LaTeX Info: Redefining \ldots on input line 496.
LaTeX Info: Redefining \dots on input line 499.
LaTeX Info: Redefining \cdots on input line 620.
\Mathstrutbox@=\box62
\strutbox@=\box63
LaTeX Info: Redefining \big on input line 722.
LaTeX Info: Redefining \Big on input line 723.
LaTeX Info: Redefining \bigg on input line 724.
LaTeX Info: Redefining \Bigg on input line 725.
\big@size=\dimen162
LaTeX Font Info:    Redeclaring font encoding OML on input line 743.
LaTeX Font Info:    Redeclaring font encoding OMS on input line 744.
\macc@depth=\count284
LaTeX Info: Redefining \bmod on input line 905.
LaTeX Info: Redefining \pmod on input line 910.
LaTeX Info: Redefining \smash on input line 940.
LaTeX Info: Redefining \relbar on input line 970.
LaTeX Info: Redefining \Relbar on input line 971.
\c@MaxMatrixCols=\count285
\dotsspace@=\muskip16
\c@parentequation=\count286
\dspbrk@lvl=\count287
\tag@help=\toks26
\row@=\count288
\column@=\count289
\maxfields@=\count290
\andhelp@=\toks27
\eqnshift@=\dimen163
\alignsep@=\dimen164
\tagshift@=\dimen165
\tagwidth@=\dimen166
\totwidth@=\dimen167
\lineht@=\dimen168
\@envbody=\toks28
\multlinegap=\skip61
\multlinetaggap=\skip62
\mathdisplay@stack=\toks29
LaTeX Info: Redefining \[ on input line 2953.
LaTeX Info: Redefining \] on input line 2954.
)
\g_MT_multlinerow_int=\count291
\l_MT_multwidth_dim=\dimen169
\origjot=\skip63
\l_MT_shortvdotswithinadjustabove_dim=\dimen170
\l_MT_shortvdotswithinadjustbelow_dim=\dimen171
\l_MT_above_intertext_sep=\dimen172
\l_MT_below_intertext_sep=\dimen173
\l_MT_above_shortintertext_sep=\dimen174
\l_MT_below_shortintertext_sep=\dimen175
\xmathstrut@box=\box64
\xmathstrut@dim=\dimen176
) (/usr/local/texlive/2024/texmf-dist/tex/latex/hyperref/hyperref.sty
Package: hyperref 2024-01-20 v7.01h Hypertext links for LaTeX
 (/usr/local/texlive/2024/texmf-dist/tex/latex/kvsetkeys/kvsetkeys.sty
Package: kvsetkeys 2022-10-05 v1.19 Key value parser (HO)
) (/usr/local/texlive/2024/texmf-dist/tex/generic/kvdefinekeys/kvdefinekeys.sty
Package: kvdefinekeys 2019-12-19 v1.6 Define keys (HO)
) (/usr/local/texlive/2024/texmf-dist/tex/generic/pdfescape/pdfescape.sty
Package: pdfescape 2019/12/09 v1.15 Implements pdfTeX's escape features (HO)
 (/usr/local/texlive/2024/texmf-dist/tex/generic/ltxcmds/ltxcmds.sty
Package: ltxcmds 2023-12-04 v1.26 LaTeX kernel commands for general use (HO)
) (/usr/local/texlive/2024/texmf-dist/tex/generic/pdftexcmds/pdftexcmds.sty
Package: pdftexcmds 2020-06-27 v0.33 Utility functions of pdfTeX for LuaTeX (HO)
 (/usr/local/texlive/2024/texmf-dist/tex/generic/infwarerr/infwarerr.sty
Package: infwarerr 2019/12/03 v1.5 Providing info/warning/error messages (HO)
)
Package pdftexcmds Info: \pdf@primitive is available.
Package pdftexcmds Info: \pdf@ifprimitive is available.
Package pdftexcmds Info: \pdfdraftmode found.
)) (/usr/local/texlive/2024/texmf-dist/tex/latex/hycolor/hycolor.sty
Package: hycolor 2020-01-27 v1.10 Color options for hyperref/bookmark (HO)
) (/usr/local/texlive/2024/texmf-dist/tex/latex/auxhook/auxhook.sty
Package: auxhook 2019-12-17 v1.6 Hooks for auxiliary files (HO)
) (/usr/local/texlive/2024/texmf-dist/tex/latex/hyperref/nameref.sty
Package: nameref 2023-11-26 v2.56 Cross-referencing by name of section
 (/usr/local/texlive/2024/texmf-dist/tex/latex/refcount/refcount.sty
Package: refcount 2019/12/15 v3.6 Data extraction from label references (HO)
) (/usr/local/texlive/2024/texmf-dist/tex/generic/gettitlestring/gettitlestring.sty
Package: gettitlestring 2019/12/15 v1.6 Cleanup title references (HO)
 (/usr/local/texlive/2024/texmf-dist/tex/latex/kvoptions/kvoptions.sty
Package: kvoptions 2022-06-15 v3.15 Key value format for package options (HO)
))
\c@section@level=\count292
)
\@linkdim=\dimen177
\Hy@linkcounter=\count293
\Hy@pagecounter=\count294
 (/usr/local/texlive/2024/texmf-dist/tex/latex/hyperref/pd1enc.def
File: pd1enc.def 2024-01-20 v7.01h Hyperref: PDFDocEncoding definition (HO)
Now handling font encoding PD1 ...
... no UTF-8 mapping file for font encoding PD1
) (/usr/local/texlive/2024/texmf-dist/tex/generic/intcalc/intcalc.sty
Package: intcalc 2019/12/15 v1.3 Expandable calculations with integers (HO)
)
\Hy@SavedSpaceFactor=\count295
 (/usr/local/texlive/2024/texmf-dist/tex/latex/hyperref/puenc.def
File: puenc.def 2024-01-20 v7.01h Hyperref: PDF Unicode definition (HO)
Now handling font encoding PU ...
... no UTF-8 mapping file for font encoding PU
)
Package hyperref Info: Hyper figures OFF on input line 4179.
Package hyperref Info: Link nesting OFF on input line 4184.
Package hyperref Info: Hyper index ON on input line 4187.
Package hyperref Info: Plain pages OFF on input line 4194.
Package hyperref Info: Backreferencing OFF on input line 4199.
Package hyperref Info: Implicit mode ON; LaTeX internals redefined.
Package hyperref Info: Bookmarks ON on input line 4446.
\c@Hy@tempcnt=\count296
 (/usr/local/texlive/2024/texmf-dist/tex/latex/url/url.sty
\Urlmuskip=\muskip17
Package: url 2013/09/16  ver 3.4  Verb mode for urls, etc.
)
LaTeX Info: Redefining \url on input line 4784.
\XeTeXLinkMargin=\dimen178
 (/usr/local/texlive/2024/texmf-dist/tex/generic/bitset/bitset.sty
Package: bitset 2019/12/09 v1.3 Handle bit-vector datatype (HO)
 (/usr/local/texlive/2024/texmf-dist/tex/generic/bigintcalc/bigintcalc.sty
Package: bigintcalc 2019/12/15 v1.5 Expandable calculations on big integers (HO)
))
\Fld@menulength=\count297
\Field@Width=\dimen179
\Fld@charsize=\dimen180
Package hyperref Info: Hyper figures OFF on input line 6063.
Package hyperref Info: Link nesting OFF on input line 6068.
Package hyperref Info: Hyper index ON on input line 6071.
Package hyperref Info: backreferencing OFF on input line 6078.
Package hyperref Info: Link coloring OFF on input line 6083.
Package hyperref Info: Link coloring with OCG OFF on input line 6088.
Package hyperref Info: PDF/A mode OFF on input line 6093.
 (/usr/local/texlive/2024/texmf-dist/tex/latex/base/atbegshi-ltx.sty
Package: atbegshi-ltx 2021/01/10 v1.0c Emulation of the original atbegshi
package with kernel methods
)
\Hy@abspage=\count298
\c@Item=\count299
\c@Hfootnote=\count300
)
Package hyperref Info: Driver (autodetected): hpdftex.
 (/usr/local/texlive/2024/texmf-dist/tex/latex/hyperref/hpdftex.def
File: hpdftex.def 2024-01-20 v7.01h Hyperref driver for pdfTeX
 (/usr/local/texlive/2024/texmf-dist/tex/latex/base/atveryend-ltx.sty
Package: atveryend-ltx 2020/08/19 v1.0a Emulation of the original atveryend package
with kernel methods
)
\Fld@listcount=\count301
\c@bookmark@seq@number=\count302
 (/usr/local/texlive/2024/texmf-dist/tex/latex/rerunfilecheck/rerunfilecheck.sty
Package: rerunfilecheck 2022-07-10 v1.10 Rerun checks for auxiliary files (HO)
 (/usr/local/texlive/2024/texmf-dist/tex/generic/uniquecounter/uniquecounter.sty
Package: uniquecounter 2019/12/15 v1.4 Provide unlimited unique counter (HO)
)
Package uniquecounter Info: New unique counter `rerunfilecheck' on input line 285.
)
\Hy@SectionHShift=\skip64
) (/usr/local/texlive/2024/texmf-dist/tex/latex/multirow/multirow.sty
Package: multirow 2021/03/15 v2.8 Span multiple rows of a table
\multirow@colwidth=\skip65
\multirow@cntb=\count303
\multirow@dima=\skip66
\bigstrutjot=\dimen181
) (/usr/local/texlive/2024/texmf-dist/tex/latex/comment/comment.sty
\CommentStream=\write4
 Excluding comment 'comment') (/usr/local/texlive/2024/texmf-dist/tex/latex/lineno/lineno.sty
Package: lineno 2023/05/20 line numbers on paragraphs v5.3
\linenopenalty=\count304
\output=\toks30
\linenoprevgraf=\count305
\linenumbersep=\dimen182
\linenumberwidth=\dimen183
\c@linenumber=\count306
\c@pagewiselinenumber=\count307
\c@LN@truepage=\count308
\c@internallinenumber=\count309
\c@internallinenumbers=\count310
\quotelinenumbersep=\dimen184
\bframerule=\dimen185
\bframesep=\dimen186
\bframebox=\box65
\linenoamsmath@ams@eqpen=\count311
LaTeX Info: Redefining \\ on input line 3180.
) (./main.aux)
\openout1 = `main.aux'.

LaTeX Font Info:    Checking defaults for OML/cmm/m/it on input line 15.
LaTeX Font Info:    ... okay on input line 15.
LaTeX Font Info:    Checking defaults for OMS/cmsy/m/n on input line 15.
LaTeX Font Info:    ... okay on input line 15.
LaTeX Font Info:    Checking defaults for OT1/cmr/m/n on input line 15.
LaTeX Font Info:    ... okay on input line 15.
LaTeX Font Info:    Checking defaults for T1/cmr/m/n on input line 15.
LaTeX Font Info:    ... okay on input line 15.
LaTeX Font Info:    Checking defaults for TS1/cmr/m/n on input line 15.
LaTeX Font Info:    ... okay on input line 15.
LaTeX Font Info:    Checking defaults for OMX/cmex/m/n on input line 15.
LaTeX Font Info:    ... okay on input line 15.
LaTeX Font Info:    Checking defaults for U/cmr/m/n on input line 15.
LaTeX Font Info:    ... okay on input line 15.
LaTeX Font Info:    Checking defaults for PD1/pdf/m/n on input line 15.
LaTeX Font Info:    ... okay on input line 15.
LaTeX Font Info:    Checking defaults for PU/pdf/m/n on input line 15.
LaTeX Font Info:    ... okay on input line 15.
 (/usr/local/texlive/2024/texmf-dist/tex/context/base/mkii/supp-pdf.mkii
[Loading MPS to PDF converter (version 2006.09.02).]
\scratchcounter=\count312
\scratchdimen=\dimen187
\scratchbox=\box66
\nofMPsegments=\count313
\nofMParguments=\count314
\everyMPshowfont=\toks31
\MPscratchCnt=\count315
\MPscratchDim=\dimen188
\MPnumerator=\count316
\makeMPintoPDFobject=\count317
\everyMPtoPDFconversion=\toks32
) (/usr/local/texlive/2024/texmf-dist/tex/latex/epstopdf-pkg/epstopdf-base.sty
Package: epstopdf-base 2020-01-24 v2.11 Base part for package epstopdf
Package epstopdf-base Info: Redefining graphics rule for `.eps' on input line 485.
 (/usr/local/texlive/2024/texmf-dist/tex/latex/latexconfig/epstopdf-sys.cfg
File: epstopdf-sys.cfg 2010/07/13 v1.3 Configuration of (r)epstopdf for TeX Live
))
*geometry* driver: auto-detecting
*geometry* detected driver: pdftex
*geometry* verbose mode - [ preamble ] result:
* driver: pdftex
* paper: custom
* layout: <same size as paper>
* layoutoffset:(h,v)=(0.0pt,0.0pt)
* hratio: 1:1
* vratio: 1:1
* modes: 
* h-part:(L,W,R)=(106.75394pt, 384.0pt, 106.75394pt)
* v-part:(T,H,B)=(141.52342pt, 562.0pt, 141.52342pt)
* \paperwidth=597.50787pt
* \paperheight=845.04684pt
* \textwidth=384.0pt
* \textheight=562.0pt
* \oddsidemargin=34.48395pt
* \evensidemargin=34.48395pt
* \topmargin=7.25343pt
* \headheight=50.0pt
* \headsep=12.0pt
* \topskip=10.0pt
* \footskip=12.0pt
* \marginparwidth=65.0pt
* \marginparsep=11.0pt
* \columnsep=10.0pt
* \skip\footins=24.0pt plus 2.0pt minus 12.0pt
* \hoffset=0.0pt
* \voffset=0.0pt
* \mag=1000
* \@twocolumnfalse
* \@twosidefalse
* \@mparswitchfalse
* \@reversemarginfalse
* (1in=72.27pt=25.4mm, 1cm=28.453pt)

Package hyperref Info: Link coloring OFF on input line 15.
(./main.out) (./main.out)
\@outlinefile=\write5
\openout5 = `main.out'.

 (./authorlist.tex) (./intro.tex
Overfull \hbox (2.22221pt too wide) has occurred while \output is active
[] 
 []


Package hyperref Warning: Token not allowed in a PDF string (Unicode):
(hyperref)                removing `\<def>-command' on input line 5.


Package hyperref Warning: Token not allowed in a PDF string (Unicode):
(hyperref)                removing `\cnotenum' on input line 5.


Package hyperref Warning: Token not allowed in a PDF string (Unicode):
(hyperref)                removing `\<def>-command' on input line 5.


Package hyperref Warning: Token not allowed in a PDF string (Unicode):
(hyperref)                removing `\@corref' on input line 5.


Package hyperref Warning: Token not allowed in a PDF string (Unicode):
(hyperref)                removing `\<let>-command' on input line 5.


Package hyperref Warning: Token not allowed in a PDF string (Unicode):
(hyperref)                removing `\comma' on input line 5.


Package hyperref Warning: Token not allowed in a PDF string (Unicode):
(hyperref)                removing `\<def>-command' on input line 5.


Package hyperref Warning: Token not allowed in a PDF string (Unicode):
(hyperref)                removing `\@fnmark' on input line 5.

[1

{/usr/local/texlive/2024/texmf-var/fonts/map/pdftex/updmap/pdftex.map}] [2]) (./protodune_tms.tex [3]
<images/figure_1.jpg, id=153, 2601.72pt x 3886.52pt>
File: images/figure_1.jpg Graphic file (type jpg)
<use images/figure_1.jpg>
Package pdftex.def Info: images/figure_1.jpg  used on input line 11.
(pdftex.def)             Requested size: 230.40234pt x 344.13788pt.
 [4]) (./electronics.tex [5 <./images/figure_1.jpg>] [6{/usr/local/texlive/2024/texmf-dist/fonts/enc/dvips/cm-super/cm-super-ts1.enc}]
<images/figure_2.png, id=191, 520.94624pt x 330.23375pt>
File: images/figure_2.png Graphic file (type png)
<use images/figure_2.png>
Package pdftex.def Info: images/figure_2.png  used on input line 13.
(pdftex.def)             Requested size: 230.40234pt x 146.0541pt.
 [7 <./images/figure_2.png>]
<images/figure_3.pdf, id=208, 569.12625pt x 410.53375pt>
File: images/figure_3.pdf Graphic file (type pdf)
<use images/figure_3.pdf>
Package pdftex.def Info: images/figure_3.pdf  used on input line 48.
(pdftex.def)             Requested size: 249.59766pt x 180.04657pt.
) (./old_setup.tex [8] [9 <./images/figure_3.pdf, page is rotated 90 degrees>]
<images/figure_4_a.jpg, id=270, 4239.84pt x 3179.88pt>
File: images/figure_4_a.jpg Graphic file (type jpg)
<use images/figure_4_a.jpg>
Package pdftex.def Info: images/figure_4_a.jpg  used on input line 21.
(pdftex.def)             Requested size: 122.88281pt x 92.14137pt.
<images/figure_4_b.jpg, id=271, 4239.84pt x 3179.88pt>
File: images/figure_4_b.jpg Graphic file (type jpg)
<use images/figure_4_b.jpg>
Package pdftex.def Info: images/figure_4_b.jpg  used on input line 22.
(pdftex.def)             Requested size: 122.88281pt x 92.14137pt.
<images/figure_4_c.jpg, id=272, 4239.84pt x 3179.88pt>
File: images/figure_4_c.jpg Graphic file (type jpg)
<use images/figure_4_c.jpg>
Package pdftex.def Info: images/figure_4_c.jpg  used on input line 23.
(pdftex.def)             Requested size: 122.88281pt x 92.14137pt.
<images/figure_5_a.pdf, id=273, 569.12625pt x 246.9225pt>
File: images/figure_5_a.pdf Graphic file (type pdf)
<use images/figure_5_a.pdf>
Package pdftex.def Info: images/figure_5_a.pdf  used on input line 30.
(pdftex.def)             Requested size: 345.59766pt x 149.94806pt.
<images/figure_5_b.png, id=274, 985.6825pt x 585.18625pt>
File: images/figure_5_b.png Graphic file (type png)
<use images/figure_5_b.png>
Package pdftex.def Info: images/figure_5_b.png  used on input line 31.
(pdftex.def)             Requested size: 230.40234pt x 136.78659pt.
 [10] [11 <./images/figure_4_a.jpg> <./images/figure_4_b.jpg> <./images/figure_4_c.jpg> <./images/figure_5_a.pdf, page is rotated 90 degrees> <./images/figure_5_b.png>]

pdfTeX warning: pdflatex (file ./images/figure_6.pdf): PDF inclusion: found PDF version <1.6>, but at most version <1.5> allowed
<images/figure_6.pdf, id=329, 831.105pt x 289.08pt>
File: images/figure_6.pdf Graphic file (type pdf)
<use images/figure_6.pdf>
Package pdftex.def Info: images/figure_6.pdf  used on input line 51.
(pdftex.def)             Requested size: 384.0pt x 133.56506pt.
[12 <./images/figure_6.pdf>]
<images/figure_7_a.jpg, id=355, 542.025pt x 1102.1175pt>
File: images/figure_7_a.jpg Graphic file (type jpg)
<use images/figure_7_a.jpg>
Package pdftex.def Info: images/figure_7_a.jpg  used on input line 65.
(pdftex.def)             Requested size: 93.97083pt x 191.07794pt.
<images/figure_7_b.jpg, id=356, 4239.84pt x 3179.88pt>
File: images/figure_7_b.jpg Graphic file (type jpg)
<use images/figure_7_b.jpg>
Package pdftex.def Info: images/figure_7_b.jpg  used on input line 68.
(pdftex.def)             Requested size: 122.88281pt x 92.14137pt.
<images/figure_7_c.jpg, id=357, 4239.84pt x 3179.88pt>
File: images/figure_7_c.jpg Graphic file (type jpg)
<use images/figure_7_c.jpg>
Package pdftex.def Info: images/figure_7_c.jpg  used on input line 69.
(pdftex.def)             Requested size: 122.88281pt x 92.14137pt.
 [13 <./images/figure_7_a.jpg> <./images/figure_7_b.jpg> <./images/figure_7_c.jpg>]
<images/figure_8.pdf, id=369, 569.12625pt x 388.45125pt>
File: images/figure_8.pdf Graphic file (type pdf)
<use images/figure_8.pdf>
Package pdftex.def Info: images/figure_8.pdf  used on input line 87.
(pdftex.def)             Requested size: 230.40234pt x 157.26262pt.
 [14 <./images/figure_8.pdf, page is rotated 90 degrees>]
<images/figure_9.pdf, id=420, 569.12625pt x 146.5475pt>
File: images/figure_9.pdf Graphic file (type pdf)
<use images/figure_9.pdf>
Package pdftex.def Info: images/figure_9.pdf  used on input line 106.
(pdftex.def)             Requested size: 384.0pt x 98.88173pt.
<images/figure_10.pdf, id=422, 569.12625pt x 388.45125pt>
File: images/figure_10.pdf Graphic file (type pdf)
<use images/figure_10.pdf>
Package pdftex.def Info: images/figure_10.pdf  used on input line 115.
(pdftex.def)             Requested size: 230.40234pt x 157.26262pt.
 [15 <./images/figure_9.pdf, page is rotated 90 degrees>]
<images/figure_11_a.pdf, id=475, 569.12625pt x 388.45125pt>
File: images/figure_11_a.pdf Graphic file (type pdf)
<use images/figure_11_a.pdf>
Package pdftex.def Info: images/figure_11_a.pdf  used on input line 128.
(pdftex.def)             Requested size: 184.31836pt x 125.80653pt.
<images/figure_11_b.pdf, id=476, 569.12625pt x 388.45125pt>
File: images/figure_11_b.pdf Graphic file (type pdf)
<use images/figure_11_b.pdf>
Package pdftex.def Info: images/figure_11_b.pdf  used on input line 129.
(pdftex.def)             Requested size: 184.31836pt x 125.80653pt.
 [16 <./images/figure_10.pdf, page is rotated 90 degrees> <./images/figure_11_a.pdf, page is rotated 90 degrees> <./images/figure_11_b.pdf, page is rotated 90 degrees>]
<images/figure_12_a.pdf, id=620, 569.12625pt x 246.9225pt>
File: images/figure_12_a.pdf Graphic file (type pdf)
<use images/figure_12_a.pdf>
Package pdftex.def Info: images/figure_12_a.pdf  used on input line 163.
(pdftex.def)             Requested size: 345.59766pt x 149.94806pt.
<images/figure_12_b.pdf, id=621, 569.12625pt x 246.9225pt>
File: images/figure_12_b.pdf Graphic file (type pdf)
<use images/figure_12_b.pdf>
Package pdftex.def Info: images/figure_12_b.pdf  used on input line 164.
(pdftex.def)             Requested size: 345.59766pt x 149.94806pt.
<images/figure_12_c.pdf, id=622, 569.12625pt x 388.45125pt>
File: images/figure_12_c.pdf Graphic file (type pdf)
<use images/figure_12_c.pdf>
Package pdftex.def Info: images/figure_12_c.pdf  used on input line 171.
(pdftex.def)             Requested size: 172.79883pt x 117.94102pt.
<images/figure_12_d.pdf, id=623, 569.12625pt x 388.45125pt>
File: images/figure_12_d.pdf Graphic file (type pdf)
<use images/figure_12_d.pdf>
Package pdftex.def Info: images/figure_12_d.pdf  used on input line 172.
(pdftex.def)             Requested size: 172.79883pt x 117.94102pt.
 [17] [18 <./images/figure_12_a.pdf, page is rotated 90 degrees> <./images/figure_12_b.pdf, page is rotated 90 degrees> <./images/figure_12_c.pdf, page is rotated 90 degrees> <./images/figure_12_d.pdf, page is rotated 90 degrees>]
<images/figure_13_a.pdf, id=811, 569.12625pt x 388.45125pt>
File: images/figure_13_a.pdf Graphic file (type pdf)
<use images/figure_13_a.pdf>
Package pdftex.def Info: images/figure_13_a.pdf  used on input line 186.
(pdftex.def)             Requested size: 188.16211pt x 128.42639pt.
<images/figure_13_b.pdf, id=812, 569.12625pt x 388.45125pt>
File: images/figure_13_b.pdf Graphic file (type pdf)
<use images/figure_13_b.pdf>
Package pdftex.def Info: images/figure_13_b.pdf  used on input line 187.
(pdftex.def)             Requested size: 188.16211pt x 128.42639pt.
) (./new_setup.tex [19] [20 <./images/figure_13_a.pdf, page is rotated 90 degrees> <./images/figure_13_b.pdf, page is rotated 90 degrees>] [21]
<images/figure_14_a.jpg, id=923, 813.0375pt x 1445.4pt>
File: images/figure_14_a.jpg Graphic file (type jpg)
<use images/figure_14_a.jpg>
Package pdftex.def Info: images/figure_14_a.jpg  used on input line 44.
(pdftex.def)             Requested size: 115.20117pt x 169.72826pt.
<images/figure_14_b.jpg, id=925, 1084.05pt x 1927.2pt>
File: images/figure_14_b.jpg Graphic file (type jpg)
<use images/figure_14_b.jpg>
Package pdftex.def Info: images/figure_14_b.jpg  used on input line 45.
(pdftex.def)             Requested size: 115.20117pt x 171.53012pt.
<images/figure_14_c.jpg, id=927, 1084.05pt x 1927.2pt>
File: images/figure_14_c.jpg Graphic file (type jpg)
<use images/figure_14_c.jpg>
Package pdftex.def Info: images/figure_14_c.jpg  used on input line 46.
(pdftex.def)             Requested size: 115.20117pt x 171.53012pt.
<images/figure_15_a.pdf, id=932, 569.12625pt x 410.53375pt>
File: images/figure_15_a.pdf Graphic file (type pdf)
<use images/figure_15_a.pdf>
Package pdftex.def Info: images/figure_15_a.pdf  used on input line 59.
(pdftex.def)             Requested size: 172.79883pt x 124.64569pt.
<images/figure_15_b.pdf, id=933, 569.12625pt x 410.53375pt>
File: images/figure_15_b.pdf Graphic file (type pdf)
<use images/figure_15_b.pdf>
Package pdftex.def Info: images/figure_15_b.pdf  used on input line 60.
(pdftex.def)             Requested size: 172.79883pt x 124.64569pt.
 [22 <./images/figure_14_a.jpg> <./images/figure_14_b.jpg> <./images/figure_14_c.jpg>]
<images/figure_16.pdf, id=944, 1027.84pt x 770.88pt>
File: images/figure_16.pdf Graphic file (type pdf)
<use images/figure_16.pdf>
Package pdftex.def Info: images/figure_16.pdf  used on input line 70.
(pdftex.def)             Requested size: 345.59766pt x 259.20212pt.
 [23 <./images/figure_15_a.pdf, page is rotated 90 degrees> <./images/figure_15_b.pdf, page is rotated 90 degrees>] [24 <./images/figure_16.pdf>]
<images/LN22.pdf, id=1055, 569.12625pt x 410.53375pt>
File: images/LN22.pdf Graphic file (type pdf)
<use images/LN22.pdf>
Package pdftex.def Info: images/LN22.pdf  used on input line 98.
(pdftex.def)             Requested size: 126.7207pt x 91.40767pt.
<images/LN23.pdf, id=1056, 569.12625pt x 410.53375pt>
File: images/LN23.pdf Graphic file (type pdf)
<use images/LN23.pdf>
Package pdftex.def Info: images/LN23.pdf  used on input line 98.
(pdftex.def)             Requested size: 126.7207pt x 91.40767pt.
<images/Lar2023.pdf, id=1057, 569.12625pt x 410.53375pt>
File: images/Lar2023.pdf Graphic file (type pdf)
<use images/Lar2023.pdf>
Package pdftex.def Info: images/Lar2023.pdf  used on input line 98.
(pdftex.def)             Requested size: 126.7207pt x 91.40767pt.
<images/figure_18.pdf, id=1058, 569.12625pt x 410.53375pt>
File: images/figure_18.pdf Graphic file (type pdf)
<use images/figure_18.pdf>
Package pdftex.def Info: images/figure_18.pdf  used on input line 105.
(pdftex.def)             Requested size: 249.59766pt x 180.04657pt.
 [25 <./images/LN22.pdf, page is rotated 90 degrees> <./images/LN23.pdf, page is rotated 90 degrees> <./images/Lar2023.pdf, page is rotated 90 degrees> <./images/figure_18.pdf, page is rotated 90 degrees>]
<images/LN2023-LN2022.pdf, id=1240, 569.12625pt x 410.53375pt>
File: images/LN2023-LN2022.pdf Graphic file (type pdf)
<use images/LN2023-LN2022.pdf>
Package pdftex.def Info: images/LN2023-LN2022.pdf  used on input line 114.
(pdftex.def)             Requested size: 122.88281pt x 88.63889pt.
<images/Lar2023-LN2022.pdf, id=1241, 569.12625pt x 410.53375pt>
File: images/Lar2023-LN2022.pdf Graphic file (type pdf)
<use images/Lar2023-LN2022.pdf>
Package pdftex.def Info: images/Lar2023-LN2022.pdf  used on input line 115.
(pdftex.def)             Requested size: 122.88281pt x 88.63889pt.
<images/Lar2023-LN2023.pdf, id=1242, 569.12625pt x 410.53375pt>
File: images/Lar2023-LN2023.pdf Graphic file (type pdf)
<use images/Lar2023-LN2023.pdf>
Package pdftex.def Info: images/Lar2023-LN2023.pdf  used on input line 116.
(pdftex.def)             Requested size: 122.88281pt x 88.63889pt.
<images/LAr2018-LAr2023_REF.pdf, id=1246, 569.12625pt x 410.53375pt>
File: images/LAr2018-LAr2023_REF.pdf Graphic file (type pdf)
<use images/LAr2018-LAr2023_REF.pdf>
Package pdftex.def Info: images/LAr2018-LAr2023_REF.pdf  used on input line 131.
(pdftex.def)             Requested size: 249.59766pt x 180.04657pt.
) (./conclusions.tex [26 <./images/LN2023-LN2022.pdf, page is rotated 90 degrees> <./images/Lar2023-LN2022.pdf, page is rotated 90 degrees> <./images/Lar2023-LN2023.pdf, page is rotated 90 degrees>] [27 <./images/LAr2018-LAr2023_REF.pdf, page is rotated 90 degrees>] [28]) (./acknowledgments.tex)
Overfull \hbox (11.72289pt too wide) in paragraph at lines 2--40
[]\OT1/cmr/m/n/10 The present re-search has been sup-ported and par-tially funded by Con-sel-le-ria d'Innovaci^^So,
 []

(./main.bbl
Underfull \hbox (badness 1264) in paragraph at lines 16--21
[]\OT1/cmr/m/n/8 Abi, B., et al. (DUNE), 2017.  The Single-Phase Pro-to-DUNE Tech-ni-cal De-sign Re-port
 []

[29]
Underfull \hbox (badness 10000) in paragraph at lines 189--195
\OT1/cmtt/m/n/8 categories / overview / temperature-[]products / cryogenic-[]temperature-[]sensors / platinum$[]\OT1/cmr/m/n/8 . last
 []


Underfull \hbox (badness 2478) in paragraph at lines 196--202
[]\OT1/cmr/m/n/8 Minco, .  Re-sis-tance ther-mom-e-try.  URL: []$\OT1/cmtt/m/n/8 https : / / www . minco . com / wp-[]content / uploads /
 []

) [30] (./main.aux)
 ***********
LaTeX2e <2023-11-01> patch level 1
L3 programming layer <2024-02-20>
 ***********
Package rerunfilecheck Info: File `main.out' has not changed.
(rerunfilecheck)             Checksum: FEFC61D5A02E9AFEF2F14F96E94E32D7;3973.
 ) 
Here is how much of TeX's memory you used:
 12614 strings out of 474116
 199292 string characters out of 5743681
 1953187 words of memory out of 5000000
 34678 multiletter control sequences out of 15000+600000
 563589 words of font info for 55 fonts, out of 8000000 for 9000
 1141 hyphenation exceptions out of 8191
 75i,13n,79p,1872b,626s stack positions out of 10000i,1000n,20000p,200000b,200000s
</usr/local/texlive/2024/texmf-dist/fonts/type1/public/amsfonts/cm/cmbx10.pfb></usr/local/texlive/2024/texmf-dist/fonts/type1/public/amsfonts/cm/cmex10.pfb></usr/local/texlive/2024/texmf-dist/fonts/type1/public/amsfonts/cm/cmmi10.pfb></usr/local/texlive/2024/texmf-dist/fonts/type1/public/amsfonts/cm/cmmi6.pfb></usr/local/texlive/2024/texmf-dist/fonts/type1/public/amsfonts/cm/cmmi7.pfb></usr/local/texlive/2024/texmf-dist/fonts/type1/public/amsfonts/cm/cmmi8.pfb></usr/local/texlive/2024/texmf-dist/fonts/type1/public/amsfonts/cm/cmr10.pfb></usr/local/texlive/2024/texmf-dist/fonts/type1/public/amsfonts/cm/cmr12.pfb></usr/local/texlive/2024/texmf-dist/fonts/type1/public/amsfonts/cm/cmr6.pfb></usr/local/texlive/2024/texmf-dist/fonts/type1/public/amsfonts/cm/cmr7.pfb></usr/local/texlive/2024/texmf-dist/fonts/type1/public/amsfonts/cm/cmr8.pfb></usr/local/texlive/2024/texmf-dist/fonts/type1/public/amsfonts/cm/cmss8.pfb></usr/local/texlive/2024/texmf-dist/fonts/type1/public/amsfonts/cm/cmsy10.pfb></usr/local/texlive/2024/texmf-dist/fonts/type1/public/amsfonts/cm/cmsy6.pfb></usr/local/texlive/2024/texmf-dist/fonts/type1/public/amsfonts/cm/cmsy7.pfb></usr/local/texlive/2024/texmf-dist/fonts/type1/public/amsfonts/cm/cmti10.pfb></usr/local/texlive/2024/texmf-dist/fonts/type1/public/amsfonts/cm/cmti7.pfb></usr/local/texlive/2024/texmf-dist/fonts/type1/public/amsfonts/cm/cmti8.pfb></usr/local/texlive/2024/texmf-dist/fonts/type1/public/amsfonts/cm/cmtt8.pfb></usr/local/texlive/2024/texmf-dist/fonts/type1/public/cm-super/sfrm0800.pfb></usr/local/texlive/2024/texmf-dist/fonts/type1/public/cm-super/sfrm1000.pfb>
Output written on main.pdf (30 pages, 16044734 bytes).
PDF statistics:
 1613 PDF objects out of 1728 (max. 8388607)
 901 compressed objects within 10 object streams
 113 named destinations out of 1000 (max. 500000)
 356 words of extra memory for PDF output out of 10000 (max. 10000000)

